<?xml version="1.0" encoding="UTF-8"?>
<testng-results ignored="0" total="5" passed="5" failed="0" skipped="0">
  <reporter-output>
  </reporter-output>
  <suite started-at="2026-02-05T09:10:50 IST" name="Amazon Suite" finished-at="2026-02-05T09:11:34 IST" duration-ms="43761">
    <groups>
      <group name="cucumber">
        <method signature="AbstractTestNGCucumberTests.runScenario(io.cucumber.testng.PickleWrapper,io.cucumber.testng.FeatureWrapper)[pri:0, instance:runners.TestRunner@327514f]" name="runScenario" class="io.cucumber.testng.AbstractTestNGCucumberTests"/>
      </group> <!-- cucumber -->
    </groups>
    <test started-at="2026-02-05T09:10:50 IST" name="Cucumber Test" finished-at="2026-02-05T09:11:34 IST" duration-ms="43761">
      <class name="runners.TestRunner">
        <test-method is-config="true" signature="setUpClass(org.testng.ITestContext)[pri:0, instance:runners.TestRunner@327514f]" started-at="2026-02-05T09:10:50 IST" name="setUpClass" finished-at="2026-02-05T09:10:51 IST" duration-ms="741" status="PASS">
          <params>
            <param index="0">
              <value>
                <![CDATA[org.testng.TestRunner@6a32191e]]>
              </value>
            </param>
          </params>
          <reporter-output>
          </reporter-output>
        </test-method> <!-- setUpClass -->
        <test-method signature="runScenario(io.cucumber.testng.PickleWrapper,io.cucumber.testng.FeatureWrapper)[pri:0, instance:runners.TestRunner@327514f]" started-at="2026-02-05T09:10:51 IST" name="runScenario" description="Runs Cucumber Scenarios" data-provider="scenarios" finished-at="2026-02-05T09:11:00 IST" duration-ms="8811" status="PASS">
          <params>
            <param index="0">
              <value>
                <![CDATA["Verify Amazon home page title"]]>
              </value>
            </param>
            <param index="1">
              <value>
                <![CDATA["Amazon basic functionalities without login"]]>
              </value>
            </param>
          </params>
          <reporter-output>
          </reporter-output>
        </test-method> <!-- runScenario -->
        <test-method signature="runScenario(io.cucumber.testng.PickleWrapper,io.cucumber.testng.FeatureWrapper)[pri:0, instance:runners.TestRunner@327514f]" started-at="2026-02-05T09:11:00 IST" name="runScenario" description="Runs Cucumber Scenarios" data-provider="scenarios" finished-at="2026-02-05T09:11:08 IST" duration-ms="8463" status="PASS">
          <params>
            <param index="0">
              <value>
                <![CDATA["Search for a product"]]>
              </value>
            </param>
            <param index="1">
              <value>
                <![CDATA["Amazon basic functionalities without login"]]>
              </value>
            </param>
          </params>
          <reporter-output>
          </reporter-output>
        </test-method> <!-- runScenario -->
        <test-method signature="runScenario(io.cucumber.testng.PickleWrapper,io.cucumber.testng.FeatureWrapper)[pri:0, instance:runners.TestRunner@327514f]" started-at="2026-02-05T09:11:08 IST" name="runScenario" description="Runs Cucumber Scenarios" data-provider="scenarios" finished-at="2026-02-05T09:11:16 IST" duration-ms="8042" status="PASS">
          <params>
            <param index="0">
              <value>
                <![CDATA["Apply category filter"]]>
              </value>
            </param>
            <param index="1">
              <value>
                <![CDATA["Amazon basic functionalities without login"]]>
              </value>
            </param>
          </params>
          <reporter-output>
          </reporter-output>
        </test-method> <!-- runScenario -->
        <test-method signature="runScenario(io.cucumber.testng.PickleWrapper,io.cucumber.testng.FeatureWrapper)[pri:0, instance:runners.TestRunner@327514f]" started-at="2026-02-05T09:11:16 IST" name="runScenario" description="Runs Cucumber Scenarios" data-provider="scenarios" finished-at="2026-02-05T09:11:25 IST" duration-ms="9180" status="PASS">
          <params>
            <param index="0">
              <value>
                <![CDATA["Open product details page"]]>
              </value>
            </param>
            <param index="1">
              <value>
                <![CDATA["Amazon basic functionalities without login"]]>
              </value>
            </param>
          </params>
          <reporter-output>
          </reporter-output>
        </test-method> <!-- runScenario -->
        <test-method signature="runScenario(io.cucumber.testng.PickleWrapper,io.cucumber.testng.FeatureWrapper)[pri:0, instance:runners.TestRunner@327514f]" started-at="2026-02-05T09:11:25 IST" name="runScenario" description="Runs Cucumber Scenarios" data-provider="scenarios" finished-at="2026-02-05T09:11:34 IST" duration-ms="8428" status="PASS">
          <params>
            <param index="0">
              <value>
                <![CDATA["Add product to cart without login"]]>
              </value>
            </param>
            <param index="1">
              <value>
                <![CDATA["Amazon basic functionalities without login"]]>
              </value>
            </param>
          </params>
          <reporter-output>
          </reporter-output>
        </test-method> <!-- runScenario -->
        <test-method is-config="true" signature="tearDownClass()[pri:0, instance:runners.TestRunner@327514f]" started-at="2026-02-05T09:11:34 IST" name="tearDownClass" finished-at="2026-02-05T09:11:34 IST" duration-ms="33" status="PASS">
          <reporter-output>
          </reporter-output>
        </test-method> <!-- tearDownClass -->
      </class> <!-- runners.TestRunner -->
    </test> <!-- Cucumber Test -->
  </suite> <!-- Amazon Suite -->
</testng-results>
