<?xml version="1.0" encoding="UTF-8"?>
<testng-results ignored="0" total="5" passed="5" failed="0" skipped="0">
  <reporter-output>
  </reporter-output>
  <suite started-at="2026-02-04T09:47:09 IST" name="Amazon Suite" finished-at="2026-02-04T09:47:50 IST" duration-ms="40775">
    <groups>
      <group name="cucumber">
        <method signature="AbstractTestNGCucumberTests.runScenario(io.cucumber.testng.PickleWrapper,io.cucumber.testng.FeatureWrapper)[pri:0, instance:runners.TestRunner@327514f]" name="runScenario" class="io.cucumber.testng.AbstractTestNGCucumberTests"/>
      </group> <!-- cucumber -->
    </groups>
    <test started-at="2026-02-04T09:47:09 IST" name="Cucumber Test" finished-at="2026-02-04T09:47:50 IST" duration-ms="40775">
      <class name="runners.TestRunner">
        <test-method is-config="true" signature="setUpClass(org.testng.ITestContext)[pri:0, instance:runners.TestRunner@327514f]" started-at="2026-02-04T09:47:09 IST" name="setUpClass" finished-at="2026-02-04T09:47:10 IST" duration-ms="424" status="PASS">
          <params>
            <param index="0">
              <value>
                <![CDATA[org.testng.TestRunner@726934e2]]>
              </value>
            </param>
          </params>
          <reporter-output>
          </reporter-output>
        </test-method> <!-- setUpClass -->
        <test-method signature="runScenario(io.cucumber.testng.PickleWrapper,io.cucumber.testng.FeatureWrapper)[pri:0, instance:runners.TestRunner@327514f]" started-at="2026-02-04T09:47:10 IST" name="runScenario" description="Runs Cucumber Scenarios" data-provider="scenarios" finished-at="2026-02-04T09:47:16 IST" duration-ms="5893" status="PASS">
          <params>
            <param index="0">
              <value>
                <![CDATA["Verify Amazon home page title"]]>
              </value>
            </param>
            <param index="1">
              <value>
                <![CDATA["Amazon basic functionalities without login"]]>
              </value>
            </param>
          </params>
          <reporter-output>
          </reporter-output>
        </test-method> <!-- runScenario -->
        <test-method signature="runScenario(io.cucumber.testng.PickleWrapper,io.cucumber.testng.FeatureWrapper)[pri:0, instance:runners.TestRunner@327514f]" started-at="2026-02-04T09:47:16 IST" name="runScenario" description="Runs Cucumber Scenarios" data-provider="scenarios" finished-at="2026-02-04T09:47:24 IST" duration-ms="8913" status="PASS">
          <params>
            <param index="0">
              <value>
                <![CDATA["Search for a product"]]>
              </value>
            </param>
            <param index="1">
              <value>
                <![CDATA["Amazon basic functionalities without login"]]>
              </value>
            </param>
          </params>
          <reporter-output>
          </reporter-output>
        </test-method> <!-- runScenario -->
        <test-method signature="runScenario(io.cucumber.testng.PickleWrapper,io.cucumber.testng.FeatureWrapper)[pri:0, instance:runners.TestRunner@327514f]" started-at="2026-02-04T09:47:24 IST" name="runScenario" description="Runs Cucumber Scenarios" data-provider="scenarios" finished-at="2026-02-04T09:47:33 IST" duration-ms="8504" status="PASS">
          <params>
            <param index="0">
              <value>
                <![CDATA["Apply category filter"]]>
              </value>
            </param>
            <param index="1">
              <value>
                <![CDATA["Amazon basic functionalities without login"]]>
              </value>
            </param>
          </params>
          <reporter-output>
          </reporter-output>
        </test-method> <!-- runScenario -->
        <test-method signature="runScenario(io.cucumber.testng.PickleWrapper,io.cucumber.testng.FeatureWrapper)[pri:0, instance:runners.TestRunner@327514f]" started-at="2026-02-04T09:47:33 IST" name="runScenario" description="Runs Cucumber Scenarios" data-provider="scenarios" finished-at="2026-02-04T09:47:42 IST" duration-ms="8568" status="PASS">
          <params>
            <param index="0">
              <value>
                <![CDATA["Open product details page"]]>
              </value>
            </param>
            <param index="1">
              <value>
                <![CDATA["Amazon basic functionalities without login"]]>
              </value>
            </param>
          </params>
          <reporter-output>
          </reporter-output>
        </test-method> <!-- runScenario -->
        <test-method signature="runScenario(io.cucumber.testng.PickleWrapper,io.cucumber.testng.FeatureWrapper)[pri:0, instance:runners.TestRunner@327514f]" started-at="2026-02-04T09:47:42 IST" name="runScenario" description="Runs Cucumber Scenarios" data-provider="scenarios" finished-at="2026-02-04T09:47:50 IST" duration-ms="8387" status="PASS">
          <params>
            <param index="0">
              <value>
                <![CDATA["Add product to cart without login"]]>
              </value>
            </param>
            <param index="1">
              <value>
                <![CDATA["Amazon basic functionalities without login"]]>
              </value>
            </param>
          </params>
          <reporter-output>
          </reporter-output>
        </test-method> <!-- runScenario -->
        <test-method is-config="true" signature="tearDownClass()[pri:0, instance:runners.TestRunner@327514f]" started-at="2026-02-04T09:47:50 IST" name="tearDownClass" finished-at="2026-02-04T09:47:50 IST" duration-ms="34" status="PASS">
          <reporter-output>
          </reporter-output>
        </test-method> <!-- tearDownClass -->
      </class> <!-- runners.TestRunner -->
    </test> <!-- Cucumber Test -->
  </suite> <!-- Amazon Suite -->
</testng-results>
