<?xml version="1.0" encoding="UTF-8"?>
<!-- Generated by org.testng.reporters.JUnitReportReporter -->
<testsuite hostname="Srinivas" failures="0" tests="5" name="runner.TestRunner" time="59.929" errors="0" timestamp="2026-02-04T09:17:04 IST" skipped="0">
  <testcase classname="runner.TestRunner" name="runScenario" time="21.516"/>
  <system-out/>
  <testcase classname="runner.TestRunner" name="runScenario" time="11.596"/>
  <system-out/>
  <testcase classname="runner.TestRunner" name="runScenario" time="6.102"/>
  <system-out/>
  <testcase classname="runner.TestRunner" name="runScenario" time="9.666"/>
  <system-out/>
  <testcase classname="runner.TestRunner" name="runScenario" time="11.049"/>
  <system-out/>
</testsuite> <!-- runner.TestRunner -->
