<?xml version="1.0" encoding="UTF-8"?>
<!-- Generated by org.testng.reporters.JUnitReportReporter -->
<testsuite hostname="Srinivas" failures="0" tests="5" name="runners.TestRunner" time="42.924" errors="0" timestamp="2026-02-05T09:11:34 IST" skipped="0">
  <testcase classname="runners.TestRunner" name="runScenario" time="9.180"/>
  <system-out/>
  <testcase classname="runners.TestRunner" name="runScenario" time="8.463"/>
  <system-out/>
  <testcase classname="runners.TestRunner" name="runScenario" time="8.042"/>
  <system-out/>
  <testcase classname="runners.TestRunner" name="runScenario" time="8.811"/>
  <system-out/>
  <testcase classname="runners.TestRunner" name="runScenario" time="8.428"/>
  <system-out/>
</testsuite> <!-- runners.TestRunner -->
