<?xml version="1.0" encoding="UTF-8"?>
<!-- Generated by org.testng.reporters.JUnitReportReporter -->
<testsuite hostname="Srinivas" failures="0" tests="5" name="runners.TestRunner" time="40.265" errors="0" timestamp="2026-02-04T09:47:50 IST" skipped="0">
  <testcase classname="runners.TestRunner" name="runScenario" time="8.387"/>
  <system-out/>
  <testcase classname="runners.TestRunner" name="runScenario" time="8.568"/>
  <system-out/>
  <testcase classname="runners.TestRunner" name="runScenario" time="8.913"/>
  <system-out/>
  <testcase classname="runners.TestRunner" name="runScenario" time="5.893"/>
  <system-out/>
  <testcase classname="runners.TestRunner" name="runScenario" time="8.504"/>
  <system-out/>
</testsuite> <!-- runners.TestRunner -->
